0 info it worked if it ends with ok
1 verbose cli [ '/opt/local/bin/node', '/usr/local/bin/npm', 'start' ]
2 info using npm@4.1.2
3 info using node@v9.3.0
4 verbose run-script [ 'prestart', 'start', 'poststart' ]
5 info lifecycle react-backend@0.0.0~prestart: react-backend@0.0.0
6 silly lifecycle react-backend@0.0.0~prestart: no script for prestart, continuing
7 info lifecycle react-backend@0.0.0~start: react-backend@0.0.0
8 verbose lifecycle react-backend@0.0.0~start: unsafe-perm in lifecycle true
9 verbose lifecycle react-backend@0.0.0~start: PATH: /usr/local/lib/node_modules/npm/bin/node-gyp-bin:/Users/ryan/Developer/garage.io/server/node_modules/.bin:/Users/ryan/google-cloud-sdk/bin:/Users/ryan/.opam/system/bin:~/.bin/tmuxinator.zsh:/opt/local/bin:/opt/local/sbin:/Users/ryan/bin:/usr/local/bin:/usr/local/bin:/usr/bin:/bin:/usr/sbin:/sbin:/Applications/Wireshark.app/Contents/MacOS
10 verbose lifecycle react-backend@0.0.0~start: CWD: /Users/ryan/Developer/garage.io/server
11 silly lifecycle react-backend@0.0.0~start: Args: [ '-c', 'node .' ]
12 silly lifecycle react-backend@0.0.0~start: Returned: code: 1  signal: null
13 info lifecycle react-backend@0.0.0~start: Failed to exec start script
14 verbose stack Error: react-backend@0.0.0 start: `node .`
14 verbose stack Exit status 1
14 verbose stack     at EventEmitter.<anonymous> (/usr/local/lib/node_modules/npm/lib/utils/lifecycle.js:279:16)
14 verbose stack     at EventEmitter.emit (events.js:159:13)
14 verbose stack     at ChildProcess.<anonymous> (/usr/local/lib/node_modules/npm/lib/utils/spawn.js:40:14)
14 verbose stack     at ChildProcess.emit (events.js:159:13)
14 verbose stack     at maybeClose (internal/child_process.js:943:16)
14 verbose stack     at Process.ChildProcess._handle.onexit (internal/child_process.js:220:5)
15 verbose pkgid react-backend@0.0.0
16 verbose cwd /Users/ryan/Developer/garage.io/server
17 error Darwin 16.7.0
18 error argv "/opt/local/bin/node" "/usr/local/bin/npm" "start"
19 error node v9.3.0
20 error npm  v4.1.2
21 error code ELIFECYCLE
22 error react-backend@0.0.0 start: `node .`
22 error Exit status 1
23 error Failed at the react-backend@0.0.0 start script 'node .'.
23 error Make sure you have the latest version of node.js and npm installed.
23 error If you do, this is most likely a problem with the react-backend package,
23 error not with npm itself.
23 error Tell the author that this fails on your system:
23 error     node .
23 error You can get information on how to open an issue for this project with:
23 error     npm bugs react-backend
23 error Or if that isn't available, you can get their info via:
23 error     npm owner ls react-backend
23 error There is likely additional logging output above.
24 verbose exit [ 1, true ]
